Traceback (most recent call last):
  File "<frozen runpy>", line 198, in _run_module_as_main
  File "<frozen runpy>", line 88, in _run_code
  File "D:\NPS Lab\Aegis-Tunnel-X\aegis\cli.py", line 526, in <module>
    main()
  File "D:\NPS Lab\Aegis-Tunnel-X\aegis\cli.py", line 520, in main
    handler(args)
  File "D:\NPS Lab\Aegis-Tunnel-X\aegis\cli.py", line 166,2026-04-26 18:10:57,591 [aegis.transport] ERROR: Client UDP error: [WinError 1234] No service is operating at the destination network endpoint on the remote system
rn runner.run(main)
           ^^^^^^^^^^^^^^^^
  File "C:\Users\sbrbs\AppData\Local\Programs\Python\Python312\Lib\asyncio\runners.py", line 118, in run
    return self._loop.run_until_complete(task)
           ^^^^^^^^^^^^^^^^^^^^^^^^^^^^^^^^^^^
  File "C:\Users\sbrbs\AppData\Local\Programs\Python\Python312\Lib\asyncio\base_events.py", line 687, in run_until_complete
    return future.result()
           ^^^^^^^^^^^^^^^
  File "D:\NPS Lab\Aegis-Tunnel-X\aegis\cli.py", line 187, in _run_tunnel
    tun.open()
  File "D:\NPS Lab\Aegis-Tunnel-X\aegis\_tun_windows.py", line 136, in open
    raise self._win_error("WintunCreateAdapter failed")
OSError: [Errno -2147024713] WintunCreateAdapter failed: Cannot create a file when that file already exists.
